<?xml version='1.0' encoding='UTF-8'?>
<testsuites>
  <testsuite name="Test Suite" device="emulator-5554" tests="25" failures="24" time="720.0">
    <testcase id="flow_register" name="flow_register" classname="flow_register" time="21.0" status="ERROR">
      <failure>Assertion is false: "Convy" is visible</failure>
    </testcase>
    <testcase id="flow_create_household" name="flow_create_household" classname="flow_create_household" time="23.0" status="ERROR">
      <failure>Assertion is false: "Set up your home" is visible</failure>
    </testcase>
    <testcase id="flow_create_list" name="flow_create_list" classname="flow_create_list" time="20.0" status="ERROR">
      <failure>Assertion is false: "Test Home" is visible</failure>
    </testcase>
    <testcase id="flow_create_tasks_list" name="flow_create_tasks_list" classname="flow_create_tasks_list" time="18.0" status="ERROR">
      <failure>Assertion is false: "Test Home" is visible</failure>
    </testcase>
    <testcase id="flow_rename_list" name="flow_rename_list" classname="flow_rename_list" time="19.0" status="ERROR">
      <failure>Assertion is false: "Test Home" is visible</failure>
    </testcase>
    <testcase id="flow_archive_list" name="flow_archive_list" classname="flow_archive_list" time="17.0" status="ERROR">
      <failure>Assertion is false: "Test Home" is visible</failure>
    </testcase>
    <testcase id="flow_add_item" name="flow_add_item" classname="flow_add_item" time="17.0" status="ERROR">
      <failure>Assertion is false: "Test Home" is visible</failure>
    </testcase>
    <testcase id="flow_add_item_minimal" name="flow_add_item_minimal" classname="flow_add_item_minimal" time="18.0" status="ERROR">
      <failure>Assertion is false: "Test Home" is visible</failure>
    </testcase>
    <testcase id="flow_edit_item" name="flow_edit_item" classname="flow_edit_item" time="25.0" status="ERROR">
      <failure>Assertion is false: "Test Home" is visible</failure>
    </testcase>
    <testcase id="flow_complete_item" name="flow_complete_item" classname="flow_complete_item" time="26.0" status="ERROR">
      <failure>Assertion is false: "Test Home" is visible</failure>
    </testcase>
    <testcase id="flow_uncomplete_item" name="flow_uncomplete_item" classname="flow_uncomplete_item" time="18.0" status="ERROR">
      <failure>Assertion is false: "Test Home" is visible</failure>
    </testcase>
    <testcase id="flow_delete_item" name="flow_delete_item" classname="flow_delete_item" time="26.0" status="ERROR">
      <failure>Assertion is false: "Test Home" is visible</failure>
    </testcase>
    <testcase id="flow_duplicate_warning" name="flow_duplicate_warning" classname="flow_duplicate_warning" time="20.0" status="ERROR">
      <failure>Assertion is false: "Test Home" is visible</failure>
    </testcase>
    <testcase id="flow_suggestions" name="flow_suggestions" classname="flow_suggestions" time="17.0" status="ERROR">
      <failure>Assertion is false: "Test Home" is visible</failure>
    </testcase>
    <testcase id="flow_search_items" name="flow_search_items" classname="flow_search_items" time="18.0" status="ERROR">
      <failure>Assertion is false: "Test Home" is visible</failure>
    </testcase>
    <testcase id="flow_filter_items" name="flow_filter_items" classname="flow_filter_items" time="19.0" status="ERROR">
      <failure>Assertion is false: "Test Home" is visible</failure>
    </testcase>
    <testcase id="flow_recurring_item" name="flow_recurring_item" classname="flow_recurring_item" time="17.0" status="ERROR">
      <failure>Assertion is false: "Test Home" is visible</failure>
    </testcase>
    <testcase id="flow_shopping_mode" name="flow_shopping_mode" classname="flow_shopping_mode" time="17.0" status="ERROR">
      <failure>Assertion is false: "Test Home" is visible</failure>
    </testcase>
    <testcase id="flow_item_history" name="flow_item_history" classname="flow_item_history" time="18.0" status="ERROR">
      <failure>Assertion is false: "Test Home" is visible</failure>
    </testcase>
    <testcase id="flow_rename_household" name="flow_rename_household" classname="flow_rename_household" time="17.0" status="ERROR">
      <failure>Assertion is false: "Test Home" is visible</failure>
    </testcase>
    <testcase id="flow_invite" name="flow_invite" classname="flow_invite" time="17.0" status="ERROR">
      <failure>Assertion is false: "Test Home" is visible</failure>
    </testcase>
    <testcase id="flow_activity" name="flow_activity" classname="flow_activity" time="17.0" status="ERROR">
      <failure>Assertion is false: "Test Home" is visible</failure>
    </testcase>
    <testcase id="flow_settings" name="flow_settings" classname="flow_settings" time="17.0" status="ERROR">
      <failure>Assertion is false: "Test Home" is visible</failure>
    </testcase>
    <testcase id="flow_join_household" name="flow_join_household" classname="flow_join_household" time="173.0" status="SUCCESS"/>
    <testcase id="flow_sign_in" name="flow_sign_in" classname="flow_sign_in" time="105.0" status="ERROR">
      <failure>Assertion is false: "Test Home" is visible</failure>
    </testcase>
  </testsuite>
</testsuites>
